<?xml version="1.0" encoding="UTF-8"?>
<testng-results ignored="0" total="3" passed="3" failed="0" skipped="0">
  <reporter-output>
  </reporter-output>
  <suite started-at="2024-10-16T17:13:21 CLST" name="tests.Tests" finished-at="2024-10-16T17:13:29 CLST" duration-ms="7948">
    <groups>
    </groups>
    <test started-at="2024-10-16T17:13:21 CLST" name="Command line test" finished-at="2024-10-16T17:13:29 CLST" duration-ms="7948">
      <class name="tests.Tests">
        <test-method is-config="true" signature="setUp()[pri:0, instance:tests.Tests@b62fe6d]" started-at="2024-10-16T17:13:21 CLST" name="setUp" finished-at="2024-10-16T17:13:24 CLST" duration-ms="2446" status="PASS">
          <reporter-output>
          </reporter-output>
        </test-method> <!-- setUp -->
        <test-method signature="pruebaDos()[pri:0, instance:tests.Tests@b62fe6d]" started-at="2024-10-16T17:13:24 CLST" name="pruebaDos" description="login correcto" finished-at="2024-10-16T17:13:25 CLST" duration-ms="721" status="PASS">
          <reporter-output>
          </reporter-output>
        </test-method> <!-- pruebaDos -->
        <test-method is-config="true" signature="tearDown(org.testng.ITestResult)[pri:0, instance:tests.Tests@b62fe6d]" started-at="2024-10-16T17:13:25 CLST" name="tearDown" finished-at="2024-10-16T17:13:25 CLST" duration-ms="125" status="PASS">
          <params>
            <param index="0">
              <value>
                <![CDATA[[TestResult name=pruebaDos status=SUCCESS method=Tests.pruebaDos()[pri:0, instance:tests.Tests@b62fe6d] output={null}]]]>
              </value>
            </param>
          </params>
          <reporter-output>
          </reporter-output>
        </test-method> <!-- tearDown -->
        <test-method is-config="true" signature="setUp()[pri:0, instance:tests.Tests@b62fe6d]" started-at="2024-10-16T17:13:25 CLST" name="setUp" finished-at="2024-10-16T17:13:27 CLST" duration-ms="1937" status="PASS">
          <reporter-output>
          </reporter-output>
        </test-method> <!-- setUp -->
        <test-method signature="pruebaTituloEnUsuario()[pri:0, instance:tests.Tests@b62fe6d]" started-at="2024-10-16T17:13:27 CLST" name="pruebaTituloEnUsuario" finished-at="2024-10-16T17:13:27 CLST" duration-ms="106" status="PASS">
          <reporter-output>
          </reporter-output>
        </test-method> <!-- pruebaTituloEnUsuario -->
        <test-method is-config="true" signature="tearDown(org.testng.ITestResult)[pri:0, instance:tests.Tests@b62fe6d]" started-at="2024-10-16T17:13:27 CLST" name="tearDown" finished-at="2024-10-16T17:13:27 CLST" duration-ms="158" status="PASS">
          <params>
            <param index="0">
              <value>
                <![CDATA[[TestResult name=pruebaTituloEnUsuario status=SUCCESS method=Tests.pruebaTituloEnUsuario()[pri:0, instance:tests.Tests@b62fe6d] output={null}]]]>
              </value>
            </param>
          </params>
          <reporter-output>
          </reporter-output>
        </test-method> <!-- tearDown -->
        <test-method is-config="true" signature="setUp()[pri:0, instance:tests.Tests@b62fe6d]" started-at="2024-10-16T17:13:27 CLST" name="setUp" finished-at="2024-10-16T17:13:29 CLST" duration-ms="2034" status="PASS">
          <reporter-output>
          </reporter-output>
        </test-method> <!-- setUp -->
        <test-method signature="pruebaUno()[pri:0, instance:tests.Tests@b62fe6d]" started-at="2024-10-16T17:13:29 CLST" name="pruebaUno" description="Login Incorrecto" finished-at="2024-10-16T17:13:29 CLST" duration-ms="266" status="PASS">
          <reporter-output>
          </reporter-output>
        </test-method> <!-- pruebaUno -->
        <test-method is-config="true" signature="tearDown(org.testng.ITestResult)[pri:0, instance:tests.Tests@b62fe6d]" started-at="2024-10-16T17:13:29 CLST" name="tearDown" finished-at="2024-10-16T17:13:29 CLST" duration-ms="112" status="PASS">
          <params>
            <param index="0">
              <value>
                <![CDATA[[TestResult name=pruebaUno status=SUCCESS method=Tests.pruebaUno()[pri:0, instance:tests.Tests@b62fe6d] output={null}]]]>
              </value>
            </param>
          </params>
          <reporter-output>
          </reporter-output>
        </test-method> <!-- tearDown -->
      </class> <!-- tests.Tests -->
    </test> <!-- Command line test -->
  </suite> <!-- tests.Tests -->
</testng-results>
