<?xml version="1.0" encoding="UTF-8"?>
<!-- Generated by org.testng.reporters.JUnitXMLReporter -->
<testsuite ignored="0" hostname="DN013" failures="0" tests="3" name="Command line test" time="12.245" errors="0" timestamp="2024-10-16T11:31:34 CLST">
  <testcase classname="tests.Tests" name="pruebaCantidadDeCampos" time="0.39"/>
  <testcase classname="tests.Tests" name="pruebaDos" time="0.809"/>
  <testcase classname="tests.Tests" name="pruebaUno" time="4.011"/>
</testsuite> <!-- Command line test -->
