<?xml version="1.0" encoding="UTF-8"?>
<!-- Generated by org.testng.reporters.JUnitXMLReporter -->
<testsuite ignored="0" hostname="DN013" failures="0" tests="3" name="Command line test" time="7.948" errors="0" timestamp="2024-10-16T17:13:29 CLST">
  <testcase classname="tests.Tests" name="pruebaDos" time="0.721"/>
  <testcase classname="tests.Tests" name="pruebaTituloEnUsuario" time="0.106"/>
  <testcase classname="tests.Tests" name="pruebaUno" time="0.266"/>
</testsuite> <!-- Command line test -->
